<?xml version="1.0" encoding="UTF-8"?>
<testng-results skipped="0" failed="0" ignored="0" total="2" passed="2">
  <reporter-output>
  </reporter-output>
  <suite name="Suite" duration-ms="3095" started-at="2022-04-08T16:48:43 UTC" finished-at="2022-04-08T16:48:46 UTC">
    <groups>
    </groups>
    <test name="Test" duration-ms="3095" started-at="2022-04-08T16:48:43 UTC" finished-at="2022-04-08T16:48:46 UTC">
      <class name="testcases.LoginTest">
        <test-method status="PASS" signature="SetUp(java.lang.reflect.Method)[pri:0, instance:testcases.LoginTest@5f282abb]" name="SetUp" is-config="true" duration-ms="1127" started-at="2022-04-08T16:48:43 UTC" finished-at="2022-04-08T16:48:44 UTC">
          <params>
            <param index="0">
              <value>
                <![CDATA[public void testcases.LoginTest.LoginFailureTest()]]>
              </value>
            </param>
          </params>
          <reporter-output>
          </reporter-output>
        </test-method> <!-- SetUp -->
        <test-method status="PASS" signature="LoginFailureTest()[pri:0, instance:testcases.LoginTest@5f282abb]" name="LoginFailureTest" duration-ms="467" started-at="2022-04-08T16:48:44 UTC" finished-at="2022-04-08T16:48:44 UTC">
          <reporter-output>
          </reporter-output>
        </test-method> <!-- LoginFailureTest -->
        <test-method status="PASS" signature="TearDown()[pri:0, instance:testcases.LoginTest@5f282abb]" name="TearDown" is-config="true" duration-ms="86" started-at="2022-04-08T16:48:44 UTC" finished-at="2022-04-08T16:48:44 UTC">
          <reporter-output>
          </reporter-output>
        </test-method> <!-- TearDown -->
        <test-method status="PASS" signature="SetUp(java.lang.reflect.Method)[pri:0, instance:testcases.LoginTest@5f282abb]" name="SetUp" is-config="true" duration-ms="851" started-at="2022-04-08T16:48:44 UTC" finished-at="2022-04-08T16:48:45 UTC">
          <params>
            <param index="0">
              <value>
                <![CDATA[public void testcases.LoginTest.SuccessfulLogin()]]>
              </value>
            </param>
          </params>
          <reporter-output>
          </reporter-output>
        </test-method> <!-- SetUp -->
        <test-method status="PASS" signature="SuccessfulLogin()[pri:0, instance:testcases.LoginTest@5f282abb]" name="SuccessfulLogin" duration-ms="428" started-at="2022-04-08T16:48:45 UTC" finished-at="2022-04-08T16:48:46 UTC">
          <reporter-output>
          </reporter-output>
        </test-method> <!-- SuccessfulLogin -->
        <test-method status="PASS" signature="TearDown()[pri:0, instance:testcases.LoginTest@5f282abb]" name="TearDown" is-config="true" duration-ms="108" started-at="2022-04-08T16:48:46 UTC" finished-at="2022-04-08T16:48:46 UTC">
          <reporter-output>
          </reporter-output>
        </test-method> <!-- TearDown -->
      </class> <!-- testcases.LoginTest -->
    </test> <!-- Test -->
  </suite> <!-- Suite -->
</testng-results>
